Determining if the pthread_create exist failed with the following output:
Change Dir: /home/siit/gylee/ELDNet/caffe/build/CMakeFiles/CMakeTmp

Run Build Command:/usr/bin/make "cmTryCompileExec89620454/fast"
/usr/bin/make -f CMakeFiles/cmTryCompileExec89620454.dir/build.make CMakeFiles/cmTryCompileExec89620454.dir/build
make[1]: Entering directory `/home/siit/gylee/ELDNet/caffe/build/CMakeFiles/CMakeTmp'
/usr/bin/cmake -E cmake_progress_report /home/siit/gylee/ELDNet/caffe/build/CMakeFiles/CMakeTmp/CMakeFiles 1
Building C object CMakeFiles/cmTryCompileExec89620454.dir/CheckSymbolExists.c.o
/usr/bin/cc    -o CMakeFiles/cmTryCompileExec89620454.dir/CheckSymbolExists.c.o   -c /home/siit/gylee/ELDNet/caffe/build/CMakeFiles/CMakeTmp/CheckSymbolExists.c
Linking C executable cmTryCompileExec89620454
/usr/bin/cmake -E cmake_link_script CMakeFiles/cmTryCompileExec89620454.dir/link.txt --verbose=1
/usr/bin/cc       CMakeFiles/cmTryCompileExec89620454.dir/CheckSymbolExists.c.o  -o cmTryCompileExec89620454 -rdynamic 
CMakeFiles/cmTryCompileExec89620454.dir/CheckSymbolExists.c.o: In function `main':
CheckSymbolExists.c:(.text+0x16): undefined reference to `pthread_create'
collect2: error: ld returned 1 exit status
make[1]: Leaving directory `/home/siit/gylee/ELDNet/caffe/build/CMakeFiles/CMakeTmp'
make[1]: *** [cmTryCompileExec89620454] Error 1
make: *** [cmTryCompileExec89620454/fast] Error 2

File /home/siit/gylee/ELDNet/caffe/build/CMakeFiles/CMakeTmp/CheckSymbolExists.c:
/* */
#include <pthread.h>

int main(int argc, char** argv)
{
  (void)argv;
#ifndef pthread_create
  return ((int*)(&pthread_create))[argc];
#else
  (void)argc;
  return 0;
#endif
}

Determining if the function pthread_create exists in the pthreads failed with the following output:
Change Dir: /home/siit/gylee/ELDNet/caffe/build/CMakeFiles/CMakeTmp

Run Build Command:/usr/bin/make "cmTryCompileExec3142681580/fast"
/usr/bin/make -f CMakeFiles/cmTryCompileExec3142681580.dir/build.make CMakeFiles/cmTryCompileExec3142681580.dir/build
make[1]: Entering directory `/home/siit/gylee/ELDNet/caffe/build/CMakeFiles/CMakeTmp'
/usr/bin/cmake -E cmake_progress_report /home/siit/gylee/ELDNet/caffe/build/CMakeFiles/CMakeTmp/CMakeFiles 1
Building C object CMakeFiles/cmTryCompileExec3142681580.dir/CheckFunctionExists.c.o
/usr/bin/cc   -DCHECK_FUNCTION_EXISTS=pthread_create   -o CMakeFiles/cmTryCompileExec3142681580.dir/CheckFunctionExists.c.o   -c /usr/share/cmake-2.8/Modules/CheckFunctionExists.c
Linking C executable cmTryCompileExec3142681580
/usr/bin/cmake -E cmake_link_script CMakeFiles/cmTryCompileExec3142681580.dir/link.txt --verbose=1
/usr/bin/cc   -DCHECK_FUNCTION_EXISTS=pthread_create    CMakeFiles/cmTryCompileExec3142681580.dir/CheckFunctionExists.c.o  -o cmTryCompileExec3142681580 -rdynamic -lpthreads 
/usr/bin/ld: cannot find -lpthreads
collect2: error: ld returned 1 exit status
make[1]: Leaving directory `/home/siit/gylee/ELDNet/caffe/build/CMakeFiles/CMakeTmp'
make[1]: *** [cmTryCompileExec3142681580] Error 1
make: *** [cmTryCompileExec3142681580/fast] Error 2


